0       1756055811131 gamestatechanged logging_in
0       1756055816254 gamestatechanged loading
0       1756055817236 gamestatechanged logged_in
0       1756055817415 interactingchanged null:null
0       1756055817415 animationchanged -1
0       1756055817735 attack 99 99 26172770 0
0       1756055817735 defence 99 99 18266873 0
0       1756055817735 strength 99 99 26030410 0
0       1756055817735 hitpoints 99 99 34967473 0
0       1756055817736 ranged 99 99 26537722 0
0       1756055817736 prayer 98 98 11946589 0
0       1756055817736 magic 99 99 16969843 0
0       1756055817736 cooking 99 99 14641570 0
0       1756055817737 woodcutting 99 99 13511063 0
0       1756055817737 fletching 99 99 13108019 0
0       1756055817737 fishing 90 90 5755419 0
0       1756055817737 firemaking 99 99 13034571 0
0       1756055817737 crafting 99 99 13477496 0
0       1756055817798 smithing 99 99 13056634 0
0       1756055817798 mining 99 99 13135727 0
0       1756055817798 herblore 99 99 13223981 0
0       1756055817803 agility 96 96 10592668 0
0       1756055817803 thieving 93 93 7257821 0
0       1756055817803 slayer 99 99 15740774 0
0       1756055817803 farming 99 99 15434853 0
0       1756055817803 runecraft 99 99 13034481 0
0       1756055817804 hunter 90 90 5349072 0
0       1756055817804 construction 90 90 5375785 0
0       1756055817804 animationchanged -1
18      1756055828834 animationchanged 8975
18      1756055828835 prayer 98 98 11947354 11946589
18      1756055828835 magic 99 99 16970018 16969843
19      1756055829434 animationchanged -1
20      1756055830037 agility 96 96 10592750 10592668
0       1756055926306 gamestatechanged logging_in
0       1756055931497 gamestatechanged loading
0       1756055932453 gamestatechanged logged_in
0       1756055932684 interactingchanged null:null
0       1756055932685 animationchanged -1
0       1756055933098 attack 99 99 26172770 0
0       1756055933098 defence 99 99 18266873 0
0       1756055933098 strength 99 99 26030410 0
0       1756055933098 hitpoints 99 99 34967473 0
0       1756055933098 ranged 99 99 26537722 0
0       1756055933098 prayer 98 98 11947354 0
0       1756055933098 magic 99 99 16970018 0
0       1756055933098 cooking 99 99 14641570 0
0       1756055933099 woodcutting 99 99 13511063 0
0       1756055933099 fletching 99 99 13108019 0
0       1756055933100 fishing 90 90 5755419 0
0       1756055933100 firemaking 99 99 13034571 0
0       1756055933100 crafting 99 99 13477496 0
0       1756055933100 smithing 99 99 13056634 0
0       1756055933100 mining 99 99 13135727 0
0       1756055933100 herblore 99 99 13223981 0
0       1756055933105 agility 96 96 10592750 0
0       1756055933160 thieving 93 93 7257821 0
0       1756055933160 slayer 99 99 15740774 0
0       1756055933160 farming 99 99 15434853 0
0       1756055933160 runecraft 99 99 13034481 0
0       1756055933161 hunter 90 90 5349072 0
0       1756055933161 construction 90 90 5375785 0
0       1756055933161 animationchanged -1
18      1756055944074 agility 96 96 10592781 10592750
35      1756055954275 agility 96 96 10592812 10592781
